#
# There is insufficient memory for the Java Runtime Environment to continue.
# Native memory allocation (malloc) failed to allocate 1183632 bytes for Chunk::new
# Possible reasons:
#   The system is out of physical RAM or swap space
#   The process is running with CompressedOops enabled, and the Java Heap may be blocking the growth of the native heap
# Possible solutions:
#   Reduce memory load on the system
#   Increase physical memory or swap space
#   Check if swap backing store is full
#   Decrease Java heap size (-Xmx/-Xms)
#   Decrease number of Java threads
#   Decrease Java thread stack sizes (-Xss)
#   Set larger code cache with -XX:ReservedCodeCacheSize=
#   JVM is running with Unscaled Compressed Oops mode in which the Java heap is
#     placed in the first 4GB address space. The Java Heap base address is the
#     maximum limit for the native heap growth. Please use -XX:HeapBaseMinAddress
#     to set the Java Heap base and to place the Java Heap above 4GB virtual address.
# This output file may be truncated or incomplete.
#
#  Out of Memory Error (allocation.cpp:389), pid=58476, tid=0x000000000000e50c
#
# JRE version: OpenJDK Runtime Environment (8.0_242-b01) (build 1.8.0_242-release-1644-b01)
# Java VM: OpenJDK 64-Bit Server VM (25.242-b01 mixed mode windows-amd64 compressed oops)
# Failed to write core dump. Minidumps are not enabled by default on client versions of Windows
#

---------------  T H R E A D  ---------------

Current thread (0x0000000016d1e000):  JavaThread "C2 CompilerThread1" daemon [_thread_in_native, id=58636, stack(0x00000000185a0000,0x00000000186a0000)]

Stack: [0x00000000185a0000,0x00000000186a0000]
[error occurred during error reporting (printing stack bounds), id 0xc0000005]

Native frames: (J=compiled Java code, j=interpreted, Vv=VM code, C=native code)


Current CompileTask:
C2:4317250 14925       4       org.gradle.internal.component.model.ComponentAttributeMatcher::match (318 bytes)


---------------  P R O C E S S  ---------------

Java Threads: ( => current thread )
  0x00000000188e0800 JavaThread "Cache worker for file content cache (C:\Users\SHADOWRATH\AndroidStudioProjects\FoodieApp\.gradle\6.1.1\fileContent)" [_thread_blocked, id=72516, stack(0x0000000026a60000,0x0000000026b60000)]
  0x00000000188dc000 JavaThread "Cache worker for Build Output Cleanup Cache (C:\Users\SHADOWRATH\AndroidStudioProjects\FoodieApp\.gradle\buildOutputCleanup)" [_thread_blocked, id=54548, stack(0x0000000024b00000,0x0000000024c00000)]
  0x00000000188de000 JavaThread "Build operations Thread 4" [_thread_blocked, id=73440, stack(0x0000000024a00000,0x0000000024b00000)]
  0x00000000188dc800 JavaThread "Build operations Thread 3" [_thread_blocked, id=72116, stack(0x0000000024900000,0x0000000024a00000)]
  0x000000001cd67000 JavaThread "Build operations Thread 2" [_thread_blocked, id=70276, stack(0x0000000023400000,0x0000000023500000)]
  0x000000001cd64000 JavaThread "Build operations" [_thread_blocked, id=73324, stack(0x0000000022d00000,0x0000000022e00000)]
  0x000000001cd66000 JavaThread "Cache worker for cache directory md-rule (C:\Users\SHADOWRATH\.gradle\caches\6.1.1\md-rule)" [_thread_blocked, id=72960, stack(0x0000000022c00000,0x0000000022d00000)]
  0x000000001cd62800 JavaThread "Cache worker for cache directory md-supplier (C:\Users\SHADOWRATH\.gradle\caches\6.1.1\md-supplier)" [_thread_blocked, id=72576, stack(0x00000000228f0000,0x00000000229f0000)]
  0x000000001cd64800 JavaThread "Cache worker for file hash cache (C:\Users\SHADOWRATH\AndroidStudioProjects\FoodieApp\.gradle\6.1.1\fileHashes)" [_thread_blocked, id=63228, stack(0x00000000227f0000,0x00000000228f0000)]
  0x000000001cd60000 JavaThread "Cache worker for checksums cache (C:\Users\SHADOWRATH\AndroidStudioProjects\FoodieApp\.gradle\checksums)" [_thread_blocked, id=62372, stack(0x000000001dce0000,0x000000001dde0000)]
  0x000000001cd61800 JavaThread "Thread-87" [_thread_blocked, id=73652, stack(0x000000001c610000,0x000000001c710000)]
  0x000000001cd63000 JavaThread "Stdin handler" [_thread_blocked, id=72936, stack(0x000000001c510000,0x000000001c610000)]
  0x000000001cd5b000 JavaThread "Asynchronous log dispatcher for DefaultDaemonConnection: socket connection from /127.0.0.1:5273 to /127.0.0.1:5813" [_thread_blocked, id=72180, stack(0x000000001c410000,0x000000001c510000)]
  0x000000001cd5e000 JavaThread "Daemon worker Thread 5" [_thread_in_Java, id=70356, stack(0x000000001c310000,0x000000001c410000)]
  0x000000001cd5a000 JavaThread "Cancel handler" [_thread_blocked, id=73648, stack(0x000000001c210000,0x000000001c310000)]
  0x000000001cd5d000 JavaThread "Handler for socket connection from /127.0.0.1:5273 to /127.0.0.1:5813" [_thread_in_native, id=73624, stack(0x000000001bf10000,0x000000001c010000)]
  0x000000001cd5c800 JavaThread "Daemon Thread 5" [_thread_blocked, id=66644, stack(0x000000001be10000,0x000000001bf10000)]
  0x000000001cd68800 JavaThread "Cache worker for file content cache (C:\Users\SHADOWRATH\.gradle\caches\6.1.1\fileContent)" [_thread_blocked, id=70008, stack(0x0000000026760000,0x0000000026860000)]
  0x000000001cd67800 JavaThread "Memory manager" [_thread_blocked, id=61464, stack(0x0000000026660000,0x0000000026760000)]
  0x000000001a924800 JavaThread "Cache worker for execution history cache (C:\Users\SHADOWRATH\.gradle\caches\6.1.1\executionHistory)" [_thread_blocked, id=59088, stack(0x0000000020680000,0x0000000020780000)]
  0x000000001a924000 JavaThread "Cache worker for file hash cache (C:\Users\SHADOWRATH\.gradle\caches\6.1.1\fileHashes)" [_thread_blocked, id=58772, stack(0x000000001cb10000,0x000000001cc10000)]
  0x000000001a923000 JavaThread "File lock request listener" [_thread_in_native, id=58660, stack(0x000000001ca10000,0x000000001cb10000)]
  0x000000001a853800 JavaThread "Cache worker for journal cache (C:\Users\SHADOWRATH\.gradle\caches\journal-1)" [_thread_blocked, id=57956, stack(0x000000001c910000,0x000000001ca10000)]
  0x000000001a7d7800 JavaThread "Daemon periodic checks" [_thread_blocked, id=58680, stack(0x000000001bd10000,0x000000001be10000)]
  0x000000001a77a000 JavaThread "Incoming local TCP Connector on port 5273" [_thread_in_native, id=58608, stack(0x000000001bb20000,0x000000001bc20000)]
  0x000000001a6e0800 JavaThread "Daemon health stats" [_thread_blocked, id=45868, stack(0x000000001b540000,0x000000001b640000)]
  0x0000000016d6e800 JavaThread "Service Thread" daemon [_thread_blocked, id=58592, stack(0x0000000018ba0000,0x0000000018ca0000)]
  0x0000000016d24800 JavaThread "C1 CompilerThread2" daemon [_thread_blocked, id=58004, stack(0x00000000186a0000,0x00000000187a0000)]
=>0x0000000016d1e000 JavaThread "C2 CompilerThread1" daemon [_thread_in_native, id=58636, stack(0x00000000185a0000,0x00000000186a0000)]
  0x0000000016d16800 JavaThread "C2 CompilerThread0" daemon [_thread_blocked, id=58604, stack(0x00000000184a0000,0x00000000185a0000)]
  0x0000000016d14000 JavaThread "Attach Listener" daemon [_thread_blocked, id=58624, stack(0x00000000183a0000,0x00000000184a0000)]
  0x0000000016d13000 JavaThread "Signal Dispatcher" daemon [_thread_blocked, id=58632, stack(0x00000000182a0000,0x00000000183a0000)]
  0x00000000020eb800 JavaThread "Finalizer" daemon [_thread_blocked, id=58516, stack(0x0000000017f70000,0x0000000018070000)]
  0x0000000016cf9000 JavaThread "Reference Handler" daemon [_thread_blocked, id=58552, stack(0x0000000017e70000,0x0000000017f70000)]
  0x0000000001ff2800 JavaThread "main" [_thread_blocked, id=58596, stack(0x0000000001ef0000,0x0000000001ff0000)]

Other Threads:
  0x0000000016cd5800 VMThread [stack: 0x0000000017d70000,0x0000000017e70000] [id=58544]
  0x00000000187c8800 WatcherThread [stack: 0x0000000018ca0000,0x0000000018da0000] [id=58828]

VM state:not at safepoint (normal execution)

VM Mutex/Monitor currently owned by a thread: None

heap address: 0x0000000080000000, size: 2048 MB, Compressed Oops mode: 32-bit
Narrow klass base: 0x0000000000000000, Narrow klass shift: 3
Compressed class space size: 1073741824 Address: 0x0000000100000000

Heap:
 PSYoungGen      total 642048K, used 88498K [0x00000000d5580000, 0x00000000ff900000, 0x0000000100000000)
  eden space 617472K, 10% used [0x00000000d5580000,0x00000000d94240e0,0x00000000fb080000)
  from space 24576K, 99% used [0x00000000fe100000,0x00000000ff8c8a38,0x00000000ff900000)
  to   space 33792K, 0% used [0x00000000fb700000,0x00000000fb700000,0x00000000fd800000)
 ParOldGen       total 112640K, used 58496K [0x0000000080000000, 0x0000000086e00000, 0x00000000d5580000)
  object space 112640K, 51% used [0x0000000080000000,0x0000000083920238,0x0000000086e00000)
 Metaspace       used 88020K, capacity 92202K, committed 92336K, reserved 1130496K
  class space    used 11333K, capacity 12204K, committed 12208K, reserved 1048576K

Card table byte_map: [0x00000000114b0000,0x00000000118c0000] byte_map_base: 0x00000000110b0000

Marking Bits: (ParMarkBitMap*) 0x000000006f29f030
 Begin Bits: [0x0000000011f70000, 0x0000000013f70000)
 End Bits:   [0x0000000013f70000, 0x0000000015f70000)

Polling page: 0x00000000005f0000

CodeCache: size=245760Kb used=42600Kb max_used=42612Kb free=203159Kb
 bounds [0x00000000020f0000, 0x0000000004ad0000, 0x00000000110f0000]
 total_blobs=13325 nmethods=12446 adapters=791
 compilation: enabled

Compilation events (10 events):
Event: 4316.342 Thread 0x0000000016d24800 nmethod 14951 0x0000000004ab9610 code [0x0000000004ab9780, 0x0000000004ab9a68]
Event: 4316.342 Thread 0x0000000016d24800 14950       3       org.gradle.api.internal.artifacts.transform.ConsumerVariantMatchResult::<init> (24 bytes)
Event: 4316.343 Thread 0x0000000016d24800 nmethod 14950 0x0000000004abb990 code [0x0000000004abbb80, 0x0000000004abc4d8]
Event: 4316.343 Thread 0x0000000016d24800 14953       3       org.gradle.api.internal.tasks.properties.bean.AbstractNestedRuntimeBeanNode$BeanPropertyValue::getTaskDependencies (40 bytes)
Event: 4316.344 Thread 0x0000000016d24800 nmethod 14953 0x0000000004abca90 code [0x0000000004abcc60, 0x0000000004abd4a8]
Event: 4316.346 Thread 0x0000000016d16800 nmethod 14945 0x0000000004ac07d0 code [0x0000000004ac0940, 0x0000000004ac0df8]
Event: 4316.346 Thread 0x0000000016d16800 14952       4       java.util.concurrent.ConcurrentLinkedQueue::offer (115 bytes)
Event: 4316.350 Thread 0x0000000016d16800 nmethod 14952 0x0000000004ab9150 code [0x0000000004ab92a0, 0x0000000004ab94b8]
Event: 4316.474 Thread 0x0000000016d16800 14954       4       com.google.common.collect.ImmutableList$Itr::<init> (15 bytes)
Event: 4316.475 Thread 0x0000000016d16800 nmethod 14954 0x0000000004abd710 code [0x0000000004abd860, 0x0000000004abd938]

GC Heap History (10 events):
Event: 17.553 GC heap before
{Heap before GC invocations=11 (full 2):
 PSYoungGen      total 407552K, used 75024K [0x00000000d5580000, 0x00000000f1280000, 0x0000000100000000)
  eden space 392192K, 15% used [0x00000000d5580000,0x00000000d8fc4958,0x00000000ed480000)
  from space 15360K, 99% used [0x00000000eea00000,0x00000000ef8ffa20,0x00000000ef900000)
  to   space 22016K, 0% used [0x00000000ed480000,0x00000000ed480000,0x00000000eea00000)
 ParOldGen       total 76800K, used 24755K [0x0000000080000000, 0x0000000084b00000, 0x00000000d5580000)
  object space 76800K, 32% used [0x0000000080000000,0x000000008182cf18,0x0000000084b00000)
 Metaspace       used 56975K, capacity 59076K, committed 59160K, reserved 1099776K
  class space    used 7603K, capacity 8086K, committed 8112K, reserved 1048576K
Event: 17.577 GC heap after
Heap after GC invocations=11 (full 2):
 PSYoungGen      total 414208K, used 19782K [0x00000000d5580000, 0x00000000f8100000, 0x0000000100000000)
  eden space 392192K, 0% used [0x00000000d5580000,0x00000000d5580000,0x00000000ed480000)
  from space 22016K, 89% used [0x00000000ed480000,0x00000000ee7d1818,0x00000000eea00000)
  to   space 24576K, 0% used [0x00000000f6900000,0x00000000f6900000,0x00000000f8100000)
 ParOldGen       total 76800K, used 24827K [0x0000000080000000, 0x0000000084b00000, 0x00000000d5580000)
  object space 76800K, 32% used [0x0000000080000000,0x000000008183ef28,0x0000000084b00000)
 Metaspace       used 56975K, capacity 59076K, committed 59160K, reserved 1099776K
  class space    used 7603K, capacity 8086K, committed 8112K, reserved 1048576K
}
Event: 17.577 GC heap before
{Heap before GC invocations=12 (full 3):
 PSYoungGen      total 414208K, used 19782K [0x00000000d5580000, 0x00000000f8100000, 0x0000000100000000)
  eden space 392192K, 0% used [0x00000000d5580000,0x00000000d5580000,0x00000000ed480000)
  from space 22016K, 89% used [0x00000000ed480000,0x00000000ee7d1818,0x00000000eea00000)
  to   space 24576K, 0% used [0x00000000f6900000,0x00000000f6900000,0x00000000f8100000)
 ParOldGen       total 76800K, used 24827K [0x0000000080000000, 0x0000000084b00000, 0x00000000d5580000)
  object space 76800K, 32% used [0x0000000080000000,0x000000008183ef28,0x0000000084b00000)
 Metaspace       used 56975K, capacity 59076K, committed 59160K, reserved 1099776K
  class space    used 7603K, capacity 8086K, committed 8112K, reserved 1048576K
Event: 17.797 GC heap after
Heap after GC invocations=12 (full 3):
 PSYoungGen      total 414208K, used 0K [0x00000000d5580000, 0x00000000f8100000, 0x0000000100000000)
  eden space 392192K, 0% used [0x00000000d5580000,0x00000000d5580000,0x00000000ed480000)
  from space 22016K, 0% used [0x00000000ed480000,0x00000000ed480000,0x00000000eea00000)
  to   space 24576K, 0% used [0x00000000f6900000,0x00000000f6900000,0x00000000f8100000)
 ParOldGen       total 112640K, used 32286K [0x0000000080000000, 0x0000000086e00000, 0x00000000d5580000)
  object space 112640K, 28% used [0x0000000080000000,0x0000000081f87818,0x0000000086e00000)
 Metaspace       used 56899K, capacity 58872K, committed 59160K, reserved 1099776K
  class space    used 7584K, capacity 8064K, committed 8112K, reserved 1048576K
}
Event: 92.316 GC heap before
{Heap before GC invocations=13 (full 3):
 PSYoungGen      total 414208K, used 392192K [0x00000000d5580000, 0x00000000f8100000, 0x0000000100000000)
  eden space 392192K, 100% used [0x00000000d5580000,0x00000000ed480000,0x00000000ed480000)
  from space 22016K, 0% used [0x00000000ed480000,0x00000000ed480000,0x00000000eea00000)
  to   space 24576K, 0% used [0x00000000f6900000,0x00000000f6900000,0x00000000f8100000)
 ParOldGen       total 112640K, used 32286K [0x0000000080000000, 0x0000000086e00000, 0x00000000d5580000)
  object space 112640K, 28% used [0x0000000080000000,0x0000000081f87818,0x0000000086e00000)
 Metaspace       used 75083K, capacity 77934K, committed 78000K, reserved 1116160K
  class space    used 10057K, capacity 10642K, committed 10672K, reserved 1048576K
Event: 92.368 GC heap after
Heap after GC invocations=13 (full 3):
 PSYoungGen      total 532992K, used 24564K [0x00000000d5580000, 0x00000000f8400000, 0x0000000100000000)
  eden space 508416K, 0% used [0x00000000d5580000,0x00000000d5580000,0x00000000f4600000)
  from space 24576K, 99% used [0x00000000f6900000,0x00000000f80fd1d8,0x00000000f8100000)
  to   space 31744K, 0% used [0x00000000f4600000,0x00000000f4600000,0x00000000f6500000)
 ParOldGen       total 112640K, used 40763K [0x0000000080000000, 0x0000000086e00000, 0x00000000d5580000)
  object space 112640K, 36% used [0x0000000080000000,0x00000000827ceed0,0x0000000086e00000)
 Metaspace       used 75083K, capacity 77934K, committed 78000K, reserved 1116160K
  class space    used 10057K, capacity 10642K, committed 10672K, reserved 1048576K
}
Event: 349.099 GC heap before
{Heap before GC invocations=14 (full 3):
 PSYoungGen      total 532992K, used 532980K [0x00000000d5580000, 0x00000000f8400000, 0x0000000100000000)
  eden space 508416K, 100% used [0x00000000d5580000,0x00000000f4600000,0x00000000f4600000)
  from space 24576K, 99% used [0x00000000f6900000,0x00000000f80fd1d8,0x00000000f8100000)
  to   space 31744K, 0% used [0x00000000f4600000,0x00000000f4600000,0x00000000f6500000)
 ParOldGen       total 112640K, used 40763K [0x0000000080000000, 0x0000000086e00000, 0x00000000d5580000)
  object space 112640K, 36% used [0x0000000080000000,0x00000000827ceed0,0x0000000086e00000)
 Metaspace       used 82916K, capacity 86360K, committed 86576K, reserved 1124352K
  class space    used 10769K, capacity 11503K, committed 11568K, reserved 1048576K
Event: 349.134 GC heap after
Heap after GC invocations=14 (full 3):
 PSYoungGen      total 540160K, used 18425K [0x00000000d5580000, 0x0000000100000000, 0x0000000100000000)
  eden space 508416K, 0% used [0x00000000d5580000,0x00000000d5580000,0x00000000f4600000)
  from space 31744K, 58% used [0x00000000f4600000,0x00000000f57fe590,0x00000000f6500000)
  to   space 31744K, 0% used [0x00000000fe100000,0x00000000fe100000,0x0000000100000000)
 ParOldGen       total 112640K, used 58488K [0x0000000080000000, 0x0000000086e00000, 0x00000000d5580000)
  object space 112640K, 51% used [0x0000000080000000,0x000000008391e238,0x0000000086e00000)
 Metaspace       used 82916K, capacity 86360K, committed 86576K, reserved 1124352K
  class space    used 10769K, capacity 11503K, committed 11568K, reserved 1048576K
}
Event: 4137.209 GC heap before
{Heap before GC invocations=15 (full 3):
 PSYoungGen      total 540160K, used 526841K [0x00000000d5580000, 0x0000000100000000, 0x0000000100000000)
  eden space 508416K, 100% used [0x00000000d5580000,0x00000000f4600000,0x00000000f4600000)
  from space 31744K, 58% used [0x00000000f4600000,0x00000000f57fe590,0x00000000f6500000)
  to   space 31744K, 0% used [0x00000000fe100000,0x00000000fe100000,0x0000000100000000)
 ParOldGen       total 112640K, used 58488K [0x0000000080000000, 0x0000000086e00000, 0x00000000d5580000)
  object space 112640K, 51% used [0x0000000080000000,0x000000008391e238,0x0000000086e00000)
 Metaspace       used 87918K, capacity 92004K, committed 92080K, reserved 1128448K
  class space    used 11327K, capacity 12193K, committed 12208K, reserved 1048576K
Event: 4139.914 GC heap after
Heap after GC invocations=15 (full 3):
 PSYoungGen      total 642048K, used 24354K [0x00000000d5580000, 0x00000000ff900000, 0x0000000100000000)
  eden space 617472K, 0% used [0x00000000d5580000,0x00000000d5580000,0x00000000fb080000)
  from space 24576K, 99% used [0x00000000fe100000,0x00000000ff8c8a38,0x00000000ff900000)
  to   space 33792K, 0% used [0x00000000fb700000,0x00000000fb700000,0x00000000fd800000)
 ParOldGen       total 112640K, used 58496K [0x0000000080000000, 0x0000000086e00000, 0x00000000d5580000)
  object space 112640K, 51% used [0x0000000080000000,0x0000000083920238,0x0000000086e00000)
 Metaspace       used 87918K, capacity 92004K, committed 92080K, reserved 1128448K
  class space    used 11327K, capacity 12193K, committed 12208K, reserved 1048576K
}

Deoptimization events (10 events):
Event: 4115.841 Thread 0x00000000188dc000 Uncommon trap: reason=class_check action=maybe_recompile pc=0x0000000002266930 method=com.sun.org.apache.xerces.internal.parsers.AbstractSAXParser.characters(Lcom/sun/org/apache/xerces/internal/xni/XMLString;Lcom/sun/org/apache/xerces/internal/xni/Augment
Event: 4115.841 Thread 0x00000000188dc000 Uncommon trap: reason=class_check action=maybe_recompile pc=0x0000000002266930 method=com.sun.org.apache.xerces.internal.parsers.AbstractSAXParser.characters(Lcom/sun/org/apache/xerces/internal/xni/XMLString;Lcom/sun/org/apache/xerces/internal/xni/Augment
Event: 4115.841 Thread 0x00000000188dc000 Uncommon trap: reason=class_check action=maybe_recompile pc=0x0000000002266930 method=com.sun.org.apache.xerces.internal.parsers.AbstractSAXParser.characters(Lcom/sun/org/apache/xerces/internal/xni/XMLString;Lcom/sun/org/apache/xerces/internal/xni/Augment
Event: 4115.889 Thread 0x00000000188dc000 Uncommon trap: reason=class_check action=maybe_recompile pc=0x0000000004841820 method=com.sun.org.apache.xerces.internal.impl.XMLEntityManager.setProperty(Ljava/lang/String;Ljava/lang/Object;)V @ 102
Event: 4118.732 Thread 0x000000001cd5c800 Uncommon trap: reason=class_check action=maybe_recompile pc=0x0000000004841820 method=com.sun.org.apache.xerces.internal.impl.XMLEntityManager.setProperty(Ljava/lang/String;Ljava/lang/Object;)V @ 102
Event: 4135.093 Thread 0x00000000188dc000 Uncommon trap: reason=null_check action=make_not_entrant pc=0x0000000004845088 method=com.sun.org.apache.xerces.internal.dom.ElementImpl.getDefaultAttributes()Lcom/sun/org/apache/xerces/internal/dom/NamedNodeMapImpl; @ 7
Event: 4139.914 Thread 0x0000000016cf9000 Uncommon trap: reason=unstable_if action=reinterpret pc=0x00000000023ccd38 method=java.lang.ref.Reference.tryHandlePending(Z)Z @ 20
Event: 4140.419 Thread 0x00000000188dc000 Uncommon trap: reason=bimorphic action=maybe_recompile pc=0x0000000003fe05a0 method=java.util.Collections$SetFromMap.contains(Ljava/lang/Object;)Z @ 5
Event: 4140.659 Thread 0x00000000188dc000 Uncommon trap: reason=unstable_if action=reinterpret pc=0x00000000029f5e00 method=java.util.HashMap.removeNode(ILjava/lang/Object;Ljava/lang/Object;ZZ)Ljava/util/HashMap$Node; @ 71
Event: 4316.111 Thread 0x000000001cd5e000 Uncommon trap: reason=class_check action=maybe_recompile pc=0x0000000004841820 method=com.sun.org.apache.xerces.internal.impl.XMLEntityManager.setProperty(Ljava/lang/String;Ljava/lang/Object;)V @ 102

Classes redefined (0 events):
No events

Internal exceptions (10 events):
Event: 3388.203 Thread 0x00000000188dc000 Exception <a 'sun/nio/fs/WindowsException'> (0x00000000e81dc620) thrown at [C:\src\AOSP-openjdk-git\hotspot\src\share\vm\prims\jni.cpp, line 710]
Event: 3433.974 Thread 0x000000001cd5c800 Implicit null exception at 0x0000000003e07815 to 0x0000000003e089a1
Event: 3449.288 Thread 0x000000001cd5c800 Implicit null exception at 0x0000000004854be6 to 0x000000000485ada1
Event: 3450.960 Thread 0x000000001cd5c800 Exception <a 'java/lang/reflect/InvocationTargetException'> (0x00000000ed1fed20) thrown at [C:\src\AOSP-openjdk-git\hotspot\src\share\vm\runtime\reflection.cpp, line 1092]
Event: 3451.849 Thread 0x000000001cd5e000 Exception <a 'java/lang/NoSuchMethodError': <clinit>> (0x00000000e76043a8) thrown at [C:\src\AOSP-openjdk-git\hotspot\src\share\vm\prims\jni.cpp, line 1615]
Event: 3451.851 Thread 0x000000001cd5e000 Exception <a 'java/lang/NoSuchMethodError': <clinit>> (0x00000000e7614348) thrown at [C:\src\AOSP-openjdk-git\hotspot\src\share\vm\prims\jni.cpp, line 1615]
Event: 3452.438 Thread 0x000000001cd5c800 Exception <a 'sun/nio/fs/WindowsException'> (0x00000000ed4f6de8) thrown at [C:\src\AOSP-openjdk-git\hotspot\src\share\vm\prims\jni.cpp, line 710]
Event: 4135.093 Thread 0x00000000188dc000 Implicit null exception at 0x000000000484421e to 0x0000000004845079
Event: 4140.335 Thread 0x00000000188dc000 Exception <a 'java/lang/reflect/InvocationTargetException'> (0x00000000d5d7c7a0) thrown at [C:\src\AOSP-openjdk-git\hotspot\src\share\vm\runtime\reflection.cpp, line 1092]
Event: 4140.660 Thread 0x00000000188dc000 Exception <a 'sun/nio/fs/WindowsException'> (0x00000000d63f0f98) thrown at [C:\src\AOSP-openjdk-git\hotspot\src\share\vm\prims\jni.cpp, line 710]

Events (10 events):
Event: 4315.827 Thread 0x0000000016d24800 flushing nmethod 0x0000000003c4fed0
Event: 4315.827 Thread 0x0000000016d24800 flushing nmethod 0x0000000003c7bed0
Event: 4315.828 Thread 0x0000000016d24800 flushing nmethod 0x0000000003d9ea50
Event: 4315.835 Thread 0x0000000016d1e000 flushing nmethod 0x000000000454a1d0
Event: 4315.835 Thread 0x0000000016d1e000 flushing nmethod 0x00000000045c1dd0
Event: 4315.869 Thread 0x00000000188dc000 Thread added: 0x00000000188dc000
Event: 4316.106 Thread 0x00000000188e0800 Thread added: 0x00000000188e0800
Event: 4316.111 Thread 0x000000001cd5e000 Uncommon trap: trap_request=0xffffffde fr.pc=0x0000000004841820
Event: 4316.111 Thread 0x000000001cd5e000 DEOPT PACKING pc=0x0000000004841820 sp=0x000000001c40b130
Event: 4316.111 Thread 0x000000001cd5e000 DEOPT UNPACKING pc=0x000000000213557b sp=0x000000001c40b070 mode 2


Dynamic libraries:
0x00007ff76d6d0000 - 0x00007ff76d701000 	C:\Program Files\Android\Android Studio\jre\bin\java.exe
0x00007ff8cd0d0000 - 0x00007ff8cd27d000 	C:\Windows\SYSTEM32\ntdll.dll
0x00007ff8cabc0000 - 0x00007ff8cacfe000 	C:\Windows\system32\KERNEL32.DLL
0x00007ff8ca630000 - 0x00007ff8ca745000 	C:\Windows\system32\KERNELBASE.dll
0x00007ff8ccc60000 - 0x00007ff8ccd0a000 	C:\Windows\system32\ADVAPI32.dll
0x00007ff8cad10000 - 0x00007ff8cae87000 	C:\Windows\system32\USER32.dll
0x00007ff8c7e70000 - 0x00007ff8c80ea000 	C:\Windows\WinSxS\amd64_microsoft.windows.common-controls_6595b64144ccf1df_6.0.9600.17810_none_6240b9c7ecbd0bda\COMCTL32.dll
0x00007ff8cce80000 - 0x00007ff8ccf2a000 	C:\Windows\system32\msvcrt.dll
0x00007ff8cab10000 - 0x00007ff8cab69000 	C:\Windows\SYSTEM32\sechost.dll
0x00007ff8cc8e0000 - 0x00007ff8cca21000 	C:\Windows\system32\RPCRT4.dll
0x00007ff8ccd30000 - 0x00007ff8cce7b000 	C:\Windows\system32\GDI32.dll
0x00007ff8cab70000 - 0x00007ff8caba6000 	C:\Windows\system32\IMM32.DLL
0x00007ff8cae90000 - 0x00007ff8cafe2000 	C:\Windows\system32\MSCTF.dll
0x000000006f5d0000 - 0x000000006f6a2000 	C:\Program Files\Android\Android Studio\jre\jre\bin\msvcr100.dll
0x000000006ead0000 - 0x000000006f31b000 	C:\Program Files\Android\Android Studio\jre\jre\bin\server\jvm.dll
0x00007ff8bfb30000 - 0x00007ff8bfb39000 	C:\Windows\SYSTEM32\WSOCK32.dll
0x00007ff8c5c70000 - 0x00007ff8c5c92000 	C:\Windows\SYSTEM32\WINMM.dll
0x00007ff8c5680000 - 0x00007ff8c568a000 	C:\Windows\SYSTEM32\VERSION.dll
0x00007ff8caa40000 - 0x00007ff8caa47000 	C:\Windows\system32\PSAPI.DLL
0x00007ff8cc820000 - 0x00007ff8cc87a000 	C:\Windows\system32\WS2_32.dll
0x00007ff8c5c40000 - 0x00007ff8c5c6a000 	C:\Windows\SYSTEM32\WINMMBASE.dll
0x00007ff8cad00000 - 0x00007ff8cad09000 	C:\Windows\system32\NSI.dll
0x00007ff8ca350000 - 0x00007ff8ca39f000 	C:\Windows\SYSTEM32\cfgmgr32.dll
0x00007ff8c9010000 - 0x00007ff8c9038000 	C:\Windows\SYSTEM32\DEVOBJ.dll
0x00007ff898e50000 - 0x00007ff898e5f000 	C:\Program Files\Android\Android Studio\jre\jre\bin\verify.dll
0x00007ff892080000 - 0x00007ff8920a9000 	C:\Program Files\Android\Android Studio\jre\jre\bin\java.dll
0x00007ff892de0000 - 0x00007ff892df6000 	C:\Program Files\Android\Android Studio\jre\jre\bin\zip.dll
0x00007ff8caff0000 - 0x00007ff8cc519000 	C:\Windows\system32\SHELL32.dll
0x00007ff8cca30000 - 0x00007ff8ccc42000 	C:\Windows\SYSTEM32\combase.dll
0x00007ff8cc880000 - 0x00007ff8cc8d4000 	C:\Windows\system32\SHLWAPI.dll
0x00007ff8c8780000 - 0x00007ff8c8832000 	C:\Windows\SYSTEM32\SHCORE.dll
0x00007ff8ca220000 - 0x00007ff8ca235000 	C:\Windows\SYSTEM32\profapi.dll
0x00007ff88a8f0000 - 0x00007ff88a90a000 	C:\Program Files\Android\Android Studio\jre\jre\bin\net.dll
0x00007ff8c9a20000 - 0x00007ff8c9a79000 	C:\Windows\system32\mswsock.dll
0x00007ff88a830000 - 0x00007ff88a843000 	C:\Program Files\Android\Android Studio\jre\jre\bin\nio.dll
0x00007ff89ace0000 - 0x00007ff89ad06000 	C:\Users\SHADOWRATH\.gradle\native\31\windows-amd64\native-platform.dll
0x00007ff897e80000 - 0x00007ff897e8d000 	C:\Program Files\Android\Android Studio\jre\jre\bin\management.dll
0x00007ff8c9a80000 - 0x00007ff8c9aa0000 	C:\Windows\SYSTEM32\CRYPTSP.dll
0x00007ff8c96a0000 - 0x00007ff8c96d6000 	C:\Windows\system32\rsaenh.dll
0x00007ff8c9d30000 - 0x00007ff8c9d56000 	C:\Windows\SYSTEM32\bcrypt.dll
0x00007ff8c97b0000 - 0x00007ff8c97d1000 	C:\Windows\SYSTEM32\USERENV.dll
0x00007ff8ca020000 - 0x00007ff8ca083000 	C:\Windows\system32\bcryptprimitives.dll
0x00007ff8ca090000 - 0x00007ff8ca09b000 	C:\Windows\SYSTEM32\CRYPTBASE.dll
0x00007ff8c4ca0000 - 0x00007ff8c4cca000 	C:\Windows\SYSTEM32\IPHLPAPI.DLL
0x00007ff8c4c90000 - 0x00007ff8c4c9a000 	C:\Windows\SYSTEM32\WINNSI.DLL
0x00007ff8c1f50000 - 0x00007ff8c1f66000 	C:\Windows\SYSTEM32\dhcpcsvc6.DLL
0x00007ff8c26d0000 - 0x00007ff8c26ea000 	C:\Windows\SYSTEM32\dhcpcsvc.DLL
0x00007ff886a10000 - 0x00007ff886a34000 	C:\Program Files\Android\Android Studio\jre\jre\bin\sunec.dll
0x00007ff8c9820000 - 0x00007ff8c98c4000 	C:\Windows\SYSTEM32\DNSAPI.dll
0x00007ff8a15c0000 - 0x00007ff8a15ca000 	C:\Windows\System32\rasadhlp.dll
0x00007ff8c2040000 - 0x00007ff8c20ab000 	C:\Windows\System32\fwpuclnt.dll
0x00007ff897710000 - 0x00007ff89771b000 	C:\Program Files\Android\Android Studio\jre\jre\bin\sunmscapi.dll
0x00007ff8ca3a0000 - 0x00007ff8ca57f000 	C:\Windows\system32\CRYPT32.dll
0x00007ff8ca2d0000 - 0x00007ff8ca2e1000 	C:\Windows\system32\MSASN1.dll
0x00007ff8c4f00000 - 0x00007ff8c4f32000 	C:\Windows\SYSTEM32\ntmarta.dll
0x00007ff8c8db0000 - 0x00007ff8c8e3e000 	C:\Windows\system32\apphelp.dll

VM Arguments:
jvm_args: -Xmx2048m -Dfile.encoding=windows-1252 -Duser.country=US -Duser.language=en -Duser.variant 
java_command: org.gradle.launcher.daemon.bootstrap.GradleDaemon 6.1.1
java_class_path (initial): C:\Users\SHADOWRATH\.gradle\wrapper\dists\gradle-6.1.1-all\cfmwm155h49vnt3hynmlrsdst\gradle-6.1.1\lib\gradle-launcher-6.1.1.jar
Launcher Type: SUN_STANDARD

Environment Variables:
PATH=C:\Program Files\Microsoft MPI\Bin\;C:\Program Files\Dell\DW WLAN Card;C:\Windows\system32;C:\Windows;C:\Windows\System32\Wbem;C:\Windows\System32\WindowsPowerShell\v1.0\;C:\Program Files\WIDCOMM\Bluetooth Software\;C:\Program Files\WIDCOMM\Bluetooth Software\syswow64;C:\Program Files (x86)\NVIDIA Corporation\PhysX\Common;C:\Program Files\Microsoft SQL Server\Client SDK\ODBC\130\Tools\Binn\;C:\Program Files (x86)\Microsoft SQL Server\140\Tools\Binn\;C:\Program Files\Microsoft SQL Server\140\Tools\Binn\;C:\Program Files\Microsoft SQL Server\140\DTS\Binn\;C:\Program Files (x86)\Microsoft SQL Server\150\DTS\Binn\;C:\Program Files (x86)\Microsoft SQL Server\140\DTS\Binn\;C:\Program Files\NVIDIA Corporation\NVIDIA NvDLISR\;C:\Program Files\Java\jdk13\bin;C:\Program Files\NVIDIA Corporation\NVIDIA NvDLISR;C:\Program Files\Git\cmd;C:\Program Files\MySQL\MySQL Shell 8.0\bin\;C:\Program Files\java\jdk-13.0.2\bin
USERNAME=SHADOWRATH
OS=Windows_NT
PROCESSOR_IDENTIFIER=Intel64 Family 6 Model 61 Stepping 4, GenuineIntel



---------------  S Y S T E M  ---------------

OS: Windows 8.1 , 64 bit Build 9600 (6.3.9600.17415)

CPU:total 4 (initial active 4) (2 cores per cpu, 2 threads per core) family 6 model 61 stepping 4, cmov, cx8, fxsr, mmx, sse, sse2, sse3, ssse3, sse4.1, sse4.2, popcnt, avx, avx2, aes, clmul, erms, 3dnowpref, lzcnt, ht, tsc, tscinvbit, bmi1, bmi2, adx

Memory: 4k page, physical 8297700k(886776k free), swap 11369700k(29224k free)

vm_info: OpenJDK 64-Bit Server VM (25.242-b01) for windows-amd64 JRE (1.8.0_242-release-1644-b01), built by "builder" with MS VC++ 10.0 (VS2010)

time: Thu Sep 24 23:36:24 2020
timezone: Sri Lanka Standard Time
elapsed time: 4316 seconds (0d 1h 11m 56s)

